[ 2026-01-19 23:39:32,841 ] 1025 httpx - INFO - HTTP Request: GET https://dagshub.com/api/v1/user "HTTP/1.1 200 OK"
[ 2026-01-19 23:39:32,845 ] 107 dagshub - INFO - Accessing as singh-105
[ 2026-01-19 23:39:33,958 ] 1025 httpx - INFO - HTTP Request: GET https://dagshub.com/api/v1/repos/singh-105/NetworkSecurity "HTTP/1.1 200 OK"
[ 2026-01-19 23:39:35,489 ] 1025 httpx - INFO - HTTP Request: GET https://dagshub.com/api/v1/user "HTTP/1.1 200 OK"
[ 2026-01-19 23:39:35,494 ] 107 dagshub - INFO - Initialized MLflow to track repo "singh-105/NetworkSecurity"
[ 2026-01-19 23:39:35,494 ] 107 dagshub - INFO - Repository singh-105/NetworkSecurity initialized!
[ 2026-01-19 23:39:35,494 ] 21 root - INFO - Initiate the data ingestion
[ 2026-01-19 23:39:35,494 ] 41 root - INFO - Connecting to MongoDB
[ 2026-01-19 23:39:35,722 ] 96 pymongo.serverSelection - INFO - {"message": "Waiting for suitable server to become available", "selector": "Primary()", "operation": "find", "topologyDescription": "<TopologyDescription id: 696e735f096d5ccea83524d6, topology_type: ReplicaSetNoPrimary, servers: [<ServerDescription ('ac-xoxlzft-shard-00-00.4eur1cm.mongodb.net', 27017) server_type: Unknown, rtt: None>, <ServerDescription ('ac-xoxlzft-shard-00-01.4eur1cm.mongodb.net', 27017) server_type: Unknown, rtt: None>, <ServerDescription ('ac-xoxlzft-shard-00-02.4eur1cm.mongodb.net', 27017) server_type: Unknown, rtt: None>]>", "clientId": {"$oid": "696e735f096d5ccea83524d6"}, "remainingTimeMS": 30}
[ 2026-01-19 23:39:50,700 ] 48 root - INFO - Number of records fetched from MongoDB: 11055
[ 2026-01-19 23:39:50,764 ] 60 root - INFO - DataFrame shape: (11055, 31)
[ 2026-01-19 23:39:50,828 ] 77 root - INFO - Feature store saved at: Artifacts\01_19_2026_23_39_29\data_ingestion\feature_store\phisingData.csv
[ 2026-01-19 23:39:50,828 ] 95 root - INFO - Performed train-test split
[ 2026-01-19 23:39:50,860 ] 112 root - INFO - Train and test files saved successfully
[ 2026-01-19 23:39:50,860 ] 23 root - INFO - Data Initiation Completed
[ 2026-01-19 23:39:50,877 ] 27 root - INFO - Initiate the data Validation
[ 2026-01-19 23:39:50,897 ] 32 root - INFO - Required number of columns:2
[ 2026-01-19 23:39:50,898 ] 33 root - INFO - Data frame has columns:31
[ 2026-01-19 23:39:50,898 ] 32 root - INFO - Required number of columns:2
[ 2026-01-19 23:39:50,898 ] 33 root - INFO - Data frame has columns:31
[ 2026-01-19 23:39:51,012 ] 29 root - INFO - data Validation Completed
[ 2026-01-19 23:39:51,012 ] 32 root - INFO - data Transformation started
[ 2026-01-19 23:39:51,012 ] 63 root - INFO - Entered initiate_data_transformation method of DataTransformation class
[ 2026-01-19 23:39:51,012 ] 65 root - INFO - Starting data transformation
[ 2026-01-19 23:39:51,031 ] 48 root - INFO - Entered get_data_trnasformer_object method of Trnasformation class
[ 2026-01-19 23:39:51,031 ] 53 root - INFO - Initialise KNNImputer with {'missing_values': nan, 'n_neighbors': 3, 'weights': 'uniform'}
[ 2026-01-19 23:39:51,044 ] 46 root - INFO - Entered the save_object method of MainUtils class
[ 2026-01-19 23:39:51,044 ] 50 root - INFO - Exited the save_object method of MainUtils class
[ 2026-01-19 23:39:51,044 ] 46 root - INFO - Entered the save_object method of MainUtils class
[ 2026-01-19 23:39:51,044 ] 50 root - INFO - Exited the save_object method of MainUtils class
[ 2026-01-19 23:39:51,044 ] 36 root - INFO - data Transformation completed
[ 2026-01-19 23:39:51,044 ] 38 root - INFO - Model Training sstared
[ 2026-01-19 23:44:07,374 ] 46 root - INFO - Entered the save_object method of MainUtils class
[ 2026-01-19 23:44:07,375 ] 50 root - INFO - Exited the save_object method of MainUtils class
[ 2026-01-19 23:44:07,375 ] 46 root - INFO - Entered the save_object method of MainUtils class
[ 2026-01-19 23:44:07,401 ] 50 root - INFO - Exited the save_object method of MainUtils class
[ 2026-01-19 23:44:07,401 ] 136 root - INFO - Model trainer artifact: ModelTrainerArtifact(trained_model_file_path='Artifacts\\01_19_2026_23_39_29\\model_trainer\\trained_model\\model.pkl', train_metric_artifact=ClassificationMetricArtifact(f1_score=0.9915573186857899, precision_score=0.9888415500101441, recall_score=0.9942880456956344), test_metric_artifact=ClassificationMetricArtifact(f1_score=0.9711804184761152, precision_score=0.9624413145539906, recall_score=0.9800796812749004))
[ 2026-01-19 23:44:07,401 ] 43 root - INFO - Model Training artifact created
