[ 2026-01-17 21:01:57,078 ] 19 root - INFO - Initiate the data ingestion
[ 2026-01-17 21:01:57,078 ] 41 root - INFO - Connecting to MongoDB
[ 2026-01-17 21:01:57,220 ] 96 pymongo.serverSelection - INFO - {"message": "Waiting for suitable server to become available", "selector": "Primary()", "operation": "find", "topologyDescription": "<TopologyDescription id: 696bab6d408a24fe39baad5d, topology_type: ReplicaSetNoPrimary, servers: [<ServerDescription ('ac-xoxlzft-shard-00-00.4eur1cm.mongodb.net', 27017) server_type: Unknown, rtt: None>, <ServerDescription ('ac-xoxlzft-shard-00-01.4eur1cm.mongodb.net', 27017) server_type: Unknown, rtt: None>, <ServerDescription ('ac-xoxlzft-shard-00-02.4eur1cm.mongodb.net', 27017) server_type: Unknown, rtt: None>]>", "clientId": {"$oid": "696bab6d408a24fe39baad5d"}, "remainingTimeMS": 30}
[ 2026-01-17 21:02:02,443 ] 48 root - INFO - Number of records fetched from MongoDB: 11055
[ 2026-01-17 21:02:02,506 ] 60 root - INFO - DataFrame shape: (11055, 31)
[ 2026-01-17 21:02:02,546 ] 77 root - INFO - Feature store saved at: Artifacts\01_17_2026_21_01_56\data_ingestion\feature_store\phisingData.csv
[ 2026-01-17 21:02:02,546 ] 95 root - INFO - Performed train-test split
[ 2026-01-17 21:02:02,583 ] 112 root - INFO - Train and test files saved successfully
[ 2026-01-17 21:02:02,583 ] 21 root - INFO - Data Initiation Completed
[ 2026-01-17 21:02:02,589 ] 25 root - INFO - Initiate the data Validation
[ 2026-01-17 21:02:02,607 ] 32 root - INFO - Required number of columns:2
[ 2026-01-17 21:02:02,607 ] 33 root - INFO - Data frame has columns:31
[ 2026-01-17 21:02:02,607 ] 32 root - INFO - Required number of columns:2
[ 2026-01-17 21:02:02,607 ] 33 root - INFO - Data frame has columns:31
[ 2026-01-17 21:02:02,693 ] 27 root - INFO - data Validation Completed
[ 2026-01-17 21:02:02,693 ] 30 root - INFO - data Transformation started
[ 2026-01-17 21:02:02,693 ] 63 root - INFO - Entered initiate_data_transformation method of DataTransformation class
[ 2026-01-17 21:02:02,693 ] 65 root - INFO - Starting data transformation
[ 2026-01-17 21:02:02,709 ] 48 root - INFO - Entered get_data_trnasformer_object method of Trnasformation class
[ 2026-01-17 21:02:02,709 ] 53 root - INFO - Initialise KNNImputer with {'missing_values': nan, 'n_neighbors': 3, 'weights': 'uniform'}
[ 2026-01-17 21:02:02,718 ] 46 root - INFO - Entered the save_object method of MainUtils class
[ 2026-01-17 21:02:02,718 ] 50 root - INFO - Exited the save_object method of MainUtils class
[ 2026-01-17 21:02:02,718 ] 46 root - INFO - Entered the save_object method of MainUtils class
[ 2026-01-17 21:02:02,721 ] 50 root - INFO - Exited the save_object method of MainUtils class
[ 2026-01-17 21:02:02,721 ] 34 root - INFO - data Transformation completed
