[ 2026-01-19 20:55:26,350 ] 21 root - INFO - Initiate the data ingestion
[ 2026-01-19 20:55:26,350 ] 41 root - INFO - Connecting to MongoDB
[ 2026-01-19 20:55:26,909 ] 96 pymongo.serverSelection - INFO - {"message": "Waiting for suitable server to become available", "selector": "Primary()", "operation": "find", "topologyDescription": "<TopologyDescription id: 696e4ce6e7264aa07f3e902d, topology_type: ReplicaSetNoPrimary, servers: [<ServerDescription ('ac-xoxlzft-shard-00-00.4eur1cm.mongodb.net', 27017) server_type: Unknown, rtt: None>, <ServerDescription ('ac-xoxlzft-shard-00-01.4eur1cm.mongodb.net', 27017) server_type: Unknown, rtt: None>, <ServerDescription ('ac-xoxlzft-shard-00-02.4eur1cm.mongodb.net', 27017) server_type: Unknown, rtt: None>]>", "clientId": {"$oid": "696e4ce6e7264aa07f3e902d"}, "remainingTimeMS": 30}
[ 2026-01-19 20:55:38,298 ] 48 root - INFO - Number of records fetched from MongoDB: 11055
[ 2026-01-19 20:55:38,373 ] 60 root - INFO - DataFrame shape: (11055, 31)
[ 2026-01-19 20:55:38,444 ] 77 root - INFO - Feature store saved at: Artifacts\01_19_2026_20_55_15\data_ingestion\feature_store\phisingData.csv
[ 2026-01-19 20:55:38,444 ] 95 root - INFO - Performed train-test split
[ 2026-01-19 20:55:38,503 ] 112 root - INFO - Train and test files saved successfully
[ 2026-01-19 20:55:38,503 ] 23 root - INFO - Data Initiation Completed
[ 2026-01-19 20:55:38,509 ] 27 root - INFO - Initiate the data Validation
[ 2026-01-19 20:55:38,530 ] 32 root - INFO - Required number of columns:2
[ 2026-01-19 20:55:38,530 ] 33 root - INFO - Data frame has columns:31
[ 2026-01-19 20:55:38,530 ] 32 root - INFO - Required number of columns:2
[ 2026-01-19 20:55:38,530 ] 33 root - INFO - Data frame has columns:31
[ 2026-01-19 20:55:38,652 ] 29 root - INFO - data Validation Completed
[ 2026-01-19 20:55:38,652 ] 32 root - INFO - data Transformation started
[ 2026-01-19 20:55:38,652 ] 63 root - INFO - Entered initiate_data_transformation method of DataTransformation class
[ 2026-01-19 20:55:38,652 ] 65 root - INFO - Starting data transformation
[ 2026-01-19 20:55:38,677 ] 48 root - INFO - Entered get_data_trnasformer_object method of Trnasformation class
[ 2026-01-19 20:55:38,677 ] 53 root - INFO - Initialise KNNImputer with {'missing_values': nan, 'n_neighbors': 3, 'weights': 'uniform'}
[ 2026-01-19 20:55:38,679 ] 46 root - INFO - Entered the save_object method of MainUtils class
[ 2026-01-19 20:55:38,691 ] 50 root - INFO - Exited the save_object method of MainUtils class
[ 2026-01-19 20:55:38,691 ] 46 root - INFO - Entered the save_object method of MainUtils class
[ 2026-01-19 20:55:38,693 ] 50 root - INFO - Exited the save_object method of MainUtils class
[ 2026-01-19 20:55:38,694 ] 36 root - INFO - data Transformation completed
[ 2026-01-19 20:55:38,694 ] 38 root - INFO - Model Training sstared
